old exercise/MyDeepNavigation/app/build/intermediates/manifest_merge_blame_file/debug/manifest-merger-blame-debug-report.txt
1<?xml version="1.0" encoding="utf-8"?>
2<manifest xmlns:android="http://schemas.android.com/apk/res/android"
3    package="com.dicoding.auliarosyida.mydeepnavigation"
4    android:versionCode="1"
5    android:versionName="1.0" >
6
7    <uses-sdk
8        android:minSdkVersion="21"
8-->src\main\AndroidManifest.xml
9        android:targetSdkVersion="30" />
9-->src\main\AndroidManifest.xml
10
11    <application
11-->src\main\AndroidManifest.xml:5:5-27:19
12        android:allowBackup="true"
12-->src\main\AndroidManifest.xml:6:9-35
13        android:appComponentFactory="androidx.core.app.CoreComponentFactory"
13-->[androidx.core:core:1.3.2] AndroidManifest.xml:24:18-86
14        android:debuggable="true"
15        android:icon="@mipmap/ic_launcher"
15-->src\main\AndroidManifest.xml:7:9-43
16        android:label="@string/app_name"
16-->src\main\AndroidManifest.xml:8:9-41
17        android:roundIcon="@mipmap/ic_launcher_round"
17-->src\main\AndroidManifest.xml:9:9-54
18        android:supportsRtl="true"
18-->src\main\AndroidManifest.xml:10:9-35
19        android:testOnly="true"
20        android:theme="@style/Theme.MyDeepNavigation" >
20-->src\main\AndroidManifest.xml:11:9-54
21        <activity
21-->src\main\AndroidManifest.xml:12:9-19:20
22            android:name="com.dicoding.auliarosyida.mydeepnavigation.MainActivity"
22-->src\main\AndroidManifest.xml:12:19-47
23            android:launchMode="singleTop" >
23-->src\main\AndroidManifest.xml:13:13-43
24            <intent-filter>
24-->src\main\AndroidManifest.xml:14:13-18:29
25                <action android:name="android.intent.action.MAIN" />
25-->src\main\AndroidManifest.xml:15:17-69
25-->src\main\AndroidManifest.xml:15:25-66
26
27                <category android:name="android.intent.category.LAUNCHER" />
27-->src\main\AndroidManifest.xml:17:17-77
27-->src\main\AndroidManifest.xml:17:27-74
28            </intent-filter>
29        </activity>
30        <activity
30-->src\main\AndroidManifest.xml:21:9-26:20
31            android:name="com.dicoding.auliarosyida.mydeepnavigation.DetailActivity"
31-->src\main\AndroidManifest.xml:21:19-49
32            android:parentActivityName="com.dicoding.auliarosyida.mydeepnavigation.MainActivity" >
32-->src\main\AndroidManifest.xml:22:13-55
33            <meta-data
33-->src\main\AndroidManifest.xml:23:13-25:49
34                android:name="android.support.PARENT_ACTIVITY"
34-->src\main\AndroidManifest.xml:24:17-63
35                android:value=".MainActivity" />
35-->src\main\AndroidManifest.xml:25:17-46
36        </activity>
37    </application>
38
39</manifest>